<?xml version="1.0" encoding="UTF-8"?>
<!-- Generated by org.testng.reporters.JUnitXMLReporter -->
<testsuite ignored="0" hostname="DESKTOP-9U4F405" failures="1" tests="1" name="topCitiestest" time="49.921" errors="0" timestamp="2023-01-31T22:09:41 IST">
  <testcase classname="com.practo.test.TopCitiesTest" name="countCities" time="49.862">
    <failure type="java.lang.AssertionError">
      <![CDATA[java.lang.AssertionError: 
at com.practo.test.TopCitiesTest.countCities(TopCitiesTest.java:44)
at java.base/java.util.ArrayList.forEach(ArrayList.java:1511)
at java.base/java.util.concurrent.FutureTask.run(FutureTask.java:264)
at java.base/java.util.concurrent.ThreadPoolExecutor.runWorker(ThreadPoolExecutor.java:1130)
at java.base/java.util.concurrent.ThreadPoolExecutor$Worker.run(ThreadPoolExecutor.java:630)
at java.base/java.lang.Thread.run(Thread.java:831)
... Removed 20 stack frames]]>
    </failure>
  </testcase> <!-- countCities -->
</testsuite> <!-- topCitiestest -->
