<?xml version="1.0" encoding="UTF-8"?>
<!-- Generated by org.testng.reporters.JUnitXMLReporter -->
<testsuite ignored="4" hostname="LAPTOP-4NFU85VS" failures="0" tests="10" name="Surefire test" time="798.302" errors="0" timestamp="14 May 2021 11:14:03 GMT">
  <testcase classname="com.practo.test.AlertTest" name="alertMessage" time="57.283"/>
  <testcase classname="com.practo.test.AlertTest" name="alertMessage" time="97.231"/>
  <testcase classname="com.practo.test.AlertTest" name="alertMessage" time="140.704"/>
  <testcase classname="com.practo.test.AlertTest" name="alertMessage" time="94.27"/>
  <testcase classname="com.practo.test.AlertTest" name="alertMessage" time="123.607"/>
  <testcase classname="com.practo.test.AlertTest" name="alertMessage" time="40.296"/>
  <testcase classname="com.practo.test.AlertTest" name="alertMessage" time="95.278"/>
  <testcase classname="com.practo.test.AlertTest" name="alertMessage" time="122.424"/>
  <testcase classname="com.practo.test.SearchResultsTest" name="checkSearchPage" time="13.296"/>
  <testcase classname="com.practo.test.TopCitiesTest" name="countCities" time="13.346"/>
  <testcase classname="com.practo.report.CreateReport" name="@BeforeSuite setUp" time="0.0">
    <ignored/>
  </testcase> <!-- @BeforeSuite setUp -->
  <testcase classname="com.practo.report.CreateReport" name="@BeforeSuite setUp" time="0.0">
    <ignored/>
  </testcase> <!-- @BeforeSuite setUp -->
  <testcase classname="com.practo.report.CreateReport" name="@AfterSuite tearDown" time="0.0">
    <ignored/>
  </testcase> <!-- @AfterSuite tearDown -->
  <testcase classname="com.practo.report.CreateReport" name="@AfterSuite tearDown" time="0.0">
    <ignored/>
  </testcase> <!-- @AfterSuite tearDown -->
</testsuite> <!-- Surefire test -->
