<?xml version="1.0" encoding="UTF-8"?>
<testng-results ignored="4" total="14" passed="10" failed="0" skipped="0">
  <reporter-output>
  </reporter-output>
  <suite started-at="2021-05-14T11:00:45Z" name="Surefire suite" finished-at="2021-05-14T11:14:03Z" duration-ms="798302">
    <groups>
    </groups>
    <test started-at="2021-05-14T11:00:45Z" name="Surefire test" finished-at="2021-05-14T11:14:03Z" duration-ms="798302">
      <class name="com.practo.test.AlertTest">
        <test-method is-config="true" signature="setUp()[pri:0, instance:com.practo.test.AlertTest@16022d9d]" started-at="2021-05-14T16:30:45Z" name="setUp" finished-at="2021-05-14T16:30:45Z" duration-ms="124" status="PASS">
          <reporter-output>
          </reporter-output>
        </test-method> <!-- setUp -->
        <test-method signature="alertMessage(java.lang.String, java.lang.String, java.lang.String, java.lang.String, java.lang.String)[pri:0, instance:com.practo.test.AlertTest@16022d9d]" started-at="2021-05-14T16:30:45Z" name="alertMessage" data-provider="TestData" finished-at="2021-05-14T16:31:43Z" duration-ms="57283" status="PASS">
          <params>
            <param index="0">
              <value>
                <![CDATA[Anshul]]>
              </value>
            </param>
            <param index="1">
              <value>
                <![CDATA[Cognizant]]>
              </value>
            </param>
            <param index="2">
              <value>
                <![CDATA[anshul]]>
              </value>
            </param>
            <param index="3">
              <value>
                <![CDATA[9876543210]]>
              </value>
            </param>
            <param index="4">
              <value>
                <![CDATA[Invalid Email]]>
              </value>
            </param>
          </params>
          <reporter-output>
          </reporter-output>
        </test-method> <!-- alertMessage -->
        <test-method is-config="true" signature="getResult(org.testng.ITestResult)[pri:0, instance:com.practo.test.AlertTest@16022d9d]" started-at="2021-05-14T16:31:43Z" name="getResult" finished-at="2021-05-14T16:31:43Z" duration-ms="3" status="PASS">
          <params>
            <param index="0">
              <value>
                <![CDATA[[TestResult name=alertMessage status=SUCCESS method=AlertTest.alertMessage(java.lang.String, java.lang.String, java.lang.String, java.lang.String, java.lang.String)[pri:0, instance:com.practo.test.AlertTest@16022d9d] output={null}]]]>
              </value>
            </param>
          </params>
          <reporter-output>
          </reporter-output>
        </test-method> <!-- getResult -->
        <test-method signature="alertMessage(java.lang.String, java.lang.String, java.lang.String, java.lang.String, java.lang.String)[pri:0, instance:com.practo.test.AlertTest@16022d9d]" started-at="2021-05-14T16:31:43Z" name="alertMessage" data-provider="TestData" finished-at="2021-05-14T16:33:20Z" duration-ms="97231" status="PASS">
          <params>
            <param index="0">
              <value>
                <![CDATA[Sharman]]>
              </value>
            </param>
            <param index="1">
              <value>
                <![CDATA[TCS]]>
              </value>
            </param>
            <param index="2">
              <value>
                <![CDATA[shar.man]]>
              </value>
            </param>
            <param index="3">
              <value>
                <![CDATA[9875642130]]>
              </value>
            </param>
            <param index="4">
              <value>
                <![CDATA[Invalid Email]]>
              </value>
            </param>
          </params>
          <reporter-output>
          </reporter-output>
        </test-method> <!-- alertMessage -->
        <test-method is-config="true" signature="getResult(org.testng.ITestResult)[pri:0, instance:com.practo.test.AlertTest@16022d9d]" started-at="2021-05-14T16:33:20Z" name="getResult" finished-at="2021-05-14T16:33:20Z" duration-ms="0" status="PASS">
          <params>
            <param index="0">
              <value>
                <![CDATA[[TestResult name=alertMessage status=SUCCESS method=AlertTest.alertMessage(java.lang.String, java.lang.String, java.lang.String, java.lang.String, java.lang.String)[pri:0, instance:com.practo.test.AlertTest@16022d9d] output={null}]]]>
              </value>
            </param>
          </params>
          <reporter-output>
          </reporter-output>
        </test-method> <!-- getResult -->
        <test-method signature="alertMessage(java.lang.String, java.lang.String, java.lang.String, java.lang.String, java.lang.String)[pri:0, instance:com.practo.test.AlertTest@16022d9d]" started-at="2021-05-14T16:33:20Z" name="alertMessage" data-provider="TestData" finished-at="2021-05-14T16:35:41Z" duration-ms="140704" status="PASS">
          <params>
            <param index="0">
              <value>
                <![CDATA[Nimish]]>
              </value>
            </param>
            <param index="1">
              <value>
                <![CDATA[HCL]]>
              </value>
            </param>
            <param index="2">
              <value>
                <![CDATA[nim.ish@gmail]]>
              </value>
            </param>
            <param index="3">
              <value>
                <![CDATA[9875642130]]>
              </value>
            </param>
            <param index="4">
              <value>
                <![CDATA[Invalid Email]]>
              </value>
            </param>
          </params>
          <reporter-output>
          </reporter-output>
        </test-method> <!-- alertMessage -->
        <test-method signature="alertMessage(java.lang.String, java.lang.String, java.lang.String, java.lang.String, java.lang.String)[pri:0, instance:com.practo.test.AlertTest@16022d9d]" started-at="2021-05-14T16:35:41Z" name="alertMessage" data-provider="TestData" finished-at="2021-05-14T16:37:15Z" duration-ms="94270" status="PASS">
          <params>
            <param index="0">
              <value>
                <![CDATA[Rizwan]]>
              </value>
            </param>
            <param index="1">
              <value>
                <![CDATA[Cognizant]]>
              </value>
            </param>
            <param index="2">
              <value>
                <![CDATA[riz@gmail]]>
              </value>
            </param>
            <param index="3">
              <value>
                <![CDATA[9875642130]]>
              </value>
            </param>
            <param index="4">
              <value>
                <![CDATA[Invalid Email]]>
              </value>
            </param>
          </params>
          <reporter-output>
          </reporter-output>
        </test-method> <!-- alertMessage -->
        <test-method is-config="true" signature="getResult(org.testng.ITestResult)[pri:0, instance:com.practo.test.AlertTest@16022d9d]" started-at="2021-05-14T16:35:41Z" name="getResult" finished-at="2021-05-14T16:35:41Z" duration-ms="0" status="PASS">
          <params>
            <param index="0">
              <value>
                <![CDATA[[TestResult name=alertMessage status=SUCCESS method=AlertTest.alertMessage(java.lang.String, java.lang.String, java.lang.String, java.lang.String, java.lang.String)[pri:0, instance:com.practo.test.AlertTest@16022d9d] output={null}]]]>
              </value>
            </param>
          </params>
          <reporter-output>
          </reporter-output>
        </test-method> <!-- getResult -->
        <test-method is-config="true" signature="getResult(org.testng.ITestResult)[pri:0, instance:com.practo.test.AlertTest@16022d9d]" started-at="2021-05-14T16:37:15Z" name="getResult" finished-at="2021-05-14T16:37:15Z" duration-ms="1" status="PASS">
          <params>
            <param index="0">
              <value>
                <![CDATA[[TestResult name=alertMessage status=SUCCESS method=AlertTest.alertMessage(java.lang.String, java.lang.String, java.lang.String, java.lang.String, java.lang.String)[pri:0, instance:com.practo.test.AlertTest@16022d9d] output={null}]]]>
              </value>
            </param>
          </params>
          <reporter-output>
          </reporter-output>
        </test-method> <!-- getResult -->
        <test-method signature="alertMessage(java.lang.String, java.lang.String, java.lang.String, java.lang.String, java.lang.String)[pri:0, instance:com.practo.test.AlertTest@16022d9d]" started-at="2021-05-14T16:37:15Z" name="alertMessage" data-provider="TestData" finished-at="2021-05-14T16:39:18Z" duration-ms="123607" status="PASS">
          <params>
            <param index="0">
              <value>
                <![CDATA[Anshul]]>
              </value>
            </param>
            <param index="1">
              <value>
                <![CDATA[Cognizant]]>
              </value>
            </param>
            <param index="2">
              <value>
                <![CDATA[anshul@gmail.com]]>
              </value>
            </param>
            <param index="3">
              <value>
                <![CDATA[123456]]>
              </value>
            </param>
            <param index="4">
              <value>
                <![CDATA[Invalid Phone Number]]>
              </value>
            </param>
          </params>
          <reporter-output>
          </reporter-output>
        </test-method> <!-- alertMessage -->
        <test-method is-config="true" signature="getResult(org.testng.ITestResult)[pri:0, instance:com.practo.test.AlertTest@16022d9d]" started-at="2021-05-14T16:39:18Z" name="getResult" finished-at="2021-05-14T16:39:18Z" duration-ms="1" status="PASS">
          <params>
            <param index="0">
              <value>
                <![CDATA[[TestResult name=alertMessage status=SUCCESS method=AlertTest.alertMessage(java.lang.String, java.lang.String, java.lang.String, java.lang.String, java.lang.String)[pri:0, instance:com.practo.test.AlertTest@16022d9d] output={null}]]]>
              </value>
            </param>
          </params>
          <reporter-output>
          </reporter-output>
        </test-method> <!-- getResult -->
        <test-method signature="alertMessage(java.lang.String, java.lang.String, java.lang.String, java.lang.String, java.lang.String)[pri:0, instance:com.practo.test.AlertTest@16022d9d]" started-at="2021-05-14T16:39:18Z" name="alertMessage" data-provider="TestData" finished-at="2021-05-14T16:39:59Z" duration-ms="40296" status="PASS">
          <params>
            <param index="0">
              <value>
                <![CDATA[Sharman]]>
              </value>
            </param>
            <param index="1">
              <value>
                <![CDATA[TCS]]>
              </value>
            </param>
            <param index="2">
              <value>
                <![CDATA[sharman@outlook.com]]>
              </value>
            </param>
            <param index="3">
              <value>
                <![CDATA[989987]]>
              </value>
            </param>
            <param index="4">
              <value>
                <![CDATA[Invalid Phone Number]]>
              </value>
            </param>
          </params>
          <reporter-output>
          </reporter-output>
        </test-method> <!-- alertMessage -->
        <test-method signature="alertMessage(java.lang.String, java.lang.String, java.lang.String, java.lang.String, java.lang.String)[pri:0, instance:com.practo.test.AlertTest@16022d9d]" started-at="2021-05-14T16:39:59Z" name="alertMessage" data-provider="TestData" finished-at="2021-05-14T16:41:34Z" duration-ms="95278" status="PASS">
          <params>
            <param index="0">
              <value>
                <![CDATA[Nimish]]>
              </value>
            </param>
            <param index="1">
              <value>
                <![CDATA[HCL]]>
              </value>
            </param>
            <param index="2">
              <value>
                <![CDATA[nim2ish@gmail.com]]>
              </value>
            </param>
            <param index="3">
              <value>
                <![CDATA[8554756]]>
              </value>
            </param>
            <param index="4">
              <value>
                <![CDATA[Invalid Phone Number]]>
              </value>
            </param>
          </params>
          <reporter-output>
          </reporter-output>
        </test-method> <!-- alertMessage -->
        <test-method is-config="true" signature="getResult(org.testng.ITestResult)[pri:0, instance:com.practo.test.AlertTest@16022d9d]" started-at="2021-05-14T16:39:59Z" name="getResult" finished-at="2021-05-14T16:39:59Z" duration-ms="0" status="PASS">
          <params>
            <param index="0">
              <value>
                <![CDATA[[TestResult name=alertMessage status=SUCCESS method=AlertTest.alertMessage(java.lang.String, java.lang.String, java.lang.String, java.lang.String, java.lang.String)[pri:0, instance:com.practo.test.AlertTest@16022d9d] output={null}]]]>
              </value>
            </param>
          </params>
          <reporter-output>
          </reporter-output>
        </test-method> <!-- getResult -->
        <test-method signature="alertMessage(java.lang.String, java.lang.String, java.lang.String, java.lang.String, java.lang.String)[pri:0, instance:com.practo.test.AlertTest@16022d9d]" started-at="2021-05-14T16:41:34Z" name="alertMessage" data-provider="TestData" finished-at="2021-05-14T16:43:36Z" duration-ms="122424" status="PASS">
          <params>
            <param index="0">
              <value>
                <![CDATA[Charles]]>
              </value>
            </param>
            <param index="1">
              <value>
                <![CDATA[Cognizant]]>
              </value>
            </param>
            <param index="2">
              <value>
                <![CDATA[mark@shot.com]]>
              </value>
            </param>
            <param index="3">
              <value>
                <![CDATA[98756987]]>
              </value>
            </param>
            <param index="4">
              <value>
                <![CDATA[Invalid Phone Number]]>
              </value>
            </param>
          </params>
          <reporter-output>
          </reporter-output>
        </test-method> <!-- alertMessage -->
        <test-method is-config="true" signature="getResult(org.testng.ITestResult)[pri:0, instance:com.practo.test.AlertTest@16022d9d]" started-at="2021-05-14T16:41:34Z" name="getResult" finished-at="2021-05-14T16:41:34Z" duration-ms="0" status="PASS">
          <params>
            <param index="0">
              <value>
                <![CDATA[[TestResult name=alertMessage status=SUCCESS method=AlertTest.alertMessage(java.lang.String, java.lang.String, java.lang.String, java.lang.String, java.lang.String)[pri:0, instance:com.practo.test.AlertTest@16022d9d] output={null}]]]>
              </value>
            </param>
          </params>
          <reporter-output>
          </reporter-output>
        </test-method> <!-- getResult -->
        <test-method is-config="true" signature="getResult(org.testng.ITestResult)[pri:0, instance:com.practo.test.AlertTest@16022d9d]" started-at="2021-05-14T16:43:36Z" name="getResult" finished-at="2021-05-14T16:43:36Z" duration-ms="0" status="PASS">
          <params>
            <param index="0">
              <value>
                <![CDATA[[TestResult name=alertMessage status=SUCCESS method=AlertTest.alertMessage(java.lang.String, java.lang.String, java.lang.String, java.lang.String, java.lang.String)[pri:0, instance:com.practo.test.AlertTest@16022d9d] output={null}]]]>
              </value>
            </param>
          </params>
          <reporter-output>
          </reporter-output>
        </test-method> <!-- getResult -->
        <test-method is-config="true" signature="tearDown()[pri:0, instance:com.practo.test.AlertTest@16022d9d]" started-at="2021-05-14T16:44:03Z" name="tearDown" finished-at="2021-05-14T16:44:03Z" duration-ms="264" status="PASS">
          <reporter-output>
          </reporter-output>
        </test-method> <!-- tearDown -->
      </class> <!-- com.practo.test.AlertTest -->
      <class name="com.practo.test.SearchResultsTest">
        <test-method signature="checkSearchPage()[pri:0, instance:com.practo.test.SearchResultsTest@7e9a5fbe]" started-at="2021-05-14T16:43:36Z" name="checkSearchPage" finished-at="2021-05-14T16:43:50Z" duration-ms="13296" status="PASS">
          <reporter-output>
          </reporter-output>
        </test-method> <!-- checkSearchPage -->
        <test-method is-config="true" signature="getResult(org.testng.ITestResult)[pri:0, instance:com.practo.test.SearchResultsTest@7e9a5fbe]" started-at="2021-05-14T16:43:50Z" name="getResult" finished-at="2021-05-14T16:43:50Z" duration-ms="0" status="PASS">
          <params>
            <param index="0">
              <value>
                <![CDATA[[TestResult name=checkSearchPage status=SUCCESS method=SearchResultsTest.checkSearchPage()[pri:0, instance:com.practo.test.SearchResultsTest@7e9a5fbe] output={null}]]]>
              </value>
            </param>
          </params>
          <reporter-output>
          </reporter-output>
        </test-method> <!-- getResult -->
      </class> <!-- com.practo.test.SearchResultsTest -->
      <class name="com.practo.test.TopCitiesTest">
        <test-method signature="countCities()[pri:0, instance:com.practo.test.TopCitiesTest@44a3ec6b]" started-at="2021-05-14T16:43:50Z" name="countCities" finished-at="2021-05-14T16:44:03Z" duration-ms="13346" status="PASS">
          <reporter-output>
          </reporter-output>
        </test-method> <!-- countCities -->
        <test-method is-config="true" signature="getResult(org.testng.ITestResult)[pri:0, instance:com.practo.test.TopCitiesTest@44a3ec6b]" started-at="2021-05-14T16:44:03Z" name="getResult" finished-at="2021-05-14T16:44:03Z" duration-ms="0" status="PASS">
          <params>
            <param index="0">
              <value>
                <![CDATA[[TestResult name=countCities status=SUCCESS method=TopCitiesTest.countCities()[pri:0, instance:com.practo.test.TopCitiesTest@44a3ec6b] output={null}]]]>
              </value>
            </param>
          </params>
          <reporter-output>
          </reporter-output>
        </test-method> <!-- getResult -->
      </class> <!-- com.practo.test.TopCitiesTest -->
    </test> <!-- Surefire test -->
  </suite> <!-- Surefire suite -->
</testng-results>
